<?xml version="1.0" encoding="UTF-8"?>
<coverage generated="1565860216500" clover="3.2.0">
  <project timestamp="1565860216500" name="All files">
    <metrics statements="6" coveredstatements="6" conditionals="2" coveredconditionals="2" methods="4" coveredmethods="4" elements="12" coveredelements="12" complexity="0" loc="6" ncloc="6" packages="1" files="2" classes="2"/>
    <file name="SnackList.js" path="/private/var/gradacad/Documents/GitHub/SNACSpjratjon/src/Components/SnackList.js">
      <metrics statements="3" coveredstatements="3" conditionals="0" coveredconditionals="0" methods="2" coveredmethods="2"/>
      <line num="5" count="2" type="stmt"/>
      <line num="6" count="11" type="stmt"/>
      <line num="13" count="96" type="stmt"/>
    </file>
    <file name="SnackTile.js" path="/private/var/gradacad/Documents/GitHub/SNACSpjratjon/src/Components/SnackTile.js">
      <metrics statements="3" coveredstatements="3" conditionals="2" coveredconditionals="2" methods="2" coveredmethods="2"/>
      <line num="6" count="98" type="stmt"/>
      <line num="8" count="98" type="stmt"/>
      <line num="36" count="1" type="stmt"/>
    </file>
  </project>
</coverage>
