<?xml version="1.0" encoding="UTF-8"?>
<coverage generated="1565712196160" clover="3.2.0">
  <project timestamp="1565712196160" name="All files">
    <metrics statements="7" coveredstatements="6" conditionals="0" coveredconditionals="0" methods="5" coveredmethods="4" elements="12" coveredelements="10" complexity="0" loc="7" ncloc="7" packages="1" files="3" classes="3"/>
    <file name="Checkbox.jsx" path="/private/var/gradacad/Documents/GitHub/SNACSpjratjon/src/Components/Checkbox.jsx">
      <metrics statements="3" coveredstatements="3" conditionals="0" coveredconditionals="0" methods="2" coveredmethods="2"/>
      <line num="3" count="2" type="stmt"/>
      <line num="4" count="6" type="stmt"/>
      <line num="15" count="1" type="stmt"/>
    </file>
    <file name="FeelingLucky.jsx" path="/private/var/gradacad/Documents/GitHub/SNACSpjratjon/src/Components/FeelingLucky.jsx">
      <metrics statements="2" coveredstatements="1" conditionals="0" coveredconditionals="0" methods="2" coveredmethods="1"/>
      <line num="6" count="1" type="stmt"/>
      <line num="9" count="0" type="stmt"/>
    </file>
    <file name="Header.jsx" path="/private/var/gradacad/Documents/GitHub/SNACSpjratjon/src/Components/Header.jsx">
      <metrics statements="2" coveredstatements="2" conditionals="0" coveredconditionals="0" methods="1" coveredmethods="1"/>
      <line num="4" count="1" type="stmt"/>
      <line num="5" count="1" type="stmt"/>
    </file>
  </project>
</coverage>
