{"/private/var/gradacad/Documents/GitHub/SNACSpjratjon/src/Components/Checkbox.jsx": {"path":"/private/var/gradacad/Documents/GitHub/SNACSpjratjon/src/Components/Checkbox.jsx","statementMap":{"0":{"start":{"line":3,"column":24},"end":{"line":20,"column":1}},"1":{"start":{"line":4,"column":2},"end":{"line":19,"column":4}},"2":{"start":{"line":15,"column":10},"end":{"line":15,"column":38}}},"fnMap":{"0":{"name":"(anonymous_0)","decl":{"start":{"line":3,"column":24},"end":{"line":3,"column":25}},"loc":{"start":{"line":3,"column":33},"end":{"line":20,"column":1}},"line":3},"1":{"name":"(anonymous_1)","decl":{"start":{"line":14,"column":18},"end":{"line":14,"column":19}},"loc":{"start":{"line":14,"column":23},"end":{"line":16,"column":9}},"line":14}},"branchMap":{},"s":{"0":2,"1":6,"2":1},"f":{"0":6,"1":1},"b":{},"_coverageSchema":"43e27e138ebf9cfc5966b082cf9a028302ed4184","hash":"4cf8788575343f2f41723b2465c6788e35b6a8e6"}
,"/private/var/gradacad/Documents/GitHub/SNACSpjratjon/src/Components/FeelingLucky.jsx": {"path":"/private/var/gradacad/Documents/GitHub/SNACSpjratjon/src/Components/FeelingLucky.jsx","statementMap":{"0":{"start":{"line":6,"column":2},"end":{"line":16,"column":4}},"1":{"start":{"line":9,"column":26},"end":{"line":9,"column":46}}},"fnMap":{"0":{"name":"FeelingLucky","decl":{"start":{"line":5,"column":9},"end":{"line":5,"column":21}},"loc":{"start":{"line":5,"column":29},"end":{"line":17,"column":1}},"line":5},"1":{"name":"(anonymous_1)","decl":{"start":{"line":9,"column":17},"end":{"line":9,"column":18}},"loc":{"start":{"line":9,"column":26},"end":{"line":9,"column":46}},"line":9}},"branchMap":{},"s":{"0":1,"1":0},"f":{"0":1,"1":0},"b":{},"_coverageSchema":"43e27e138ebf9cfc5966b082cf9a028302ed4184","hash":"58d9388ea6a8d86d7b2ee67b3898609bc50c227d"}
,"/private/var/gradacad/Documents/GitHub/SNACSpjratjon/src/Components/Header.jsx": {"path":"/private/var/gradacad/Documents/GitHub/SNACSpjratjon/src/Components/Header.jsx","statementMap":{"0":{"start":{"line":4,"column":22},"end":{"line":28,"column":1}},"1":{"start":{"line":5,"column":2},"end":{"line":27,"column":4}}},"fnMap":{"0":{"name":"(anonymous_0)","decl":{"start":{"line":4,"column":22},"end":{"line":4,"column":23}},"loc":{"start":{"line":4,"column":28},"end":{"line":28,"column":1}},"line":4}},"branchMap":{},"s":{"0":1,"1":1},"f":{"0":1},"b":{},"_coverageSchema":"43e27e138ebf9cfc5966b082cf9a028302ed4184","hash":"99f981fffe31288d27b9f56edbe6c8a7c4d1c4cc"}
}
