{"/private/var/gradacad/Documents/GitHub/SNACSpjratjon/src/Components/Checkbox.jsx": {"path":"/private/var/gradacad/Documents/GitHub/SNACSpjratjon/src/Components/Checkbox.jsx","statementMap":{"0":{"start":{"line":3,"column":24},"end":{"line":20,"column":1}},"1":{"start":{"line":4,"column":2},"end":{"line":19,"column":4}},"2":{"start":{"line":15,"column":10},"end":{"line":15,"column":38}}},"fnMap":{"0":{"name":"(anonymous_0)","decl":{"start":{"line":3,"column":24},"end":{"line":3,"column":25}},"loc":{"start":{"line":3,"column":33},"end":{"line":20,"column":1}},"line":3},"1":{"name":"(anonymous_1)","decl":{"start":{"line":14,"column":18},"end":{"line":14,"column":19}},"loc":{"start":{"line":14,"column":23},"end":{"line":16,"column":9}},"line":14}},"branchMap":{},"s":{"0":3,"1":18,"2":1},"f":{"0":18,"1":1},"b":{},"_coverageSchema":"43e27e138ebf9cfc5966b082cf9a028302ed4184","hash":"4cf8788575343f2f41723b2465c6788e35b6a8e6"}
,"/private/var/gradacad/Documents/GitHub/SNACSpjratjon/src/Components/Control.jsx": {"path":"/private/var/gradacad/Documents/GitHub/SNACSpjratjon/src/Components/Control.jsx","statementMap":{"0":{"start":{"line":7,"column":2},"end":{"line":62,"column":4}}},"fnMap":{"0":{"name":"Control","decl":{"start":{"line":6,"column":9},"end":{"line":6,"column":16}},"loc":{"start":{"line":6,"column":71},"end":{"line":63,"column":1}},"line":6}},"branchMap":{},"s":{"0":4},"f":{"0":4},"b":{},"_coverageSchema":"43e27e138ebf9cfc5966b082cf9a028302ed4184","hash":"081fdda0ad64a2e6b4bf7dae0b06187870835f60"}
,"/private/var/gradacad/Documents/GitHub/SNACSpjratjon/src/Components/FeelingLucky.jsx": {"path":"/private/var/gradacad/Documents/GitHub/SNACSpjratjon/src/Components/FeelingLucky.jsx","statementMap":{"0":{"start":{"line":6,"column":2},"end":{"line":17,"column":4}},"1":{"start":{"line":10,"column":26},"end":{"line":10,"column":46}}},"fnMap":{"0":{"name":"FeelingLucky","decl":{"start":{"line":5,"column":9},"end":{"line":5,"column":21}},"loc":{"start":{"line":5,"column":29},"end":{"line":18,"column":1}},"line":5},"1":{"name":"(anonymous_1)","decl":{"start":{"line":10,"column":17},"end":{"line":10,"column":18}},"loc":{"start":{"line":10,"column":26},"end":{"line":10,"column":46}},"line":10}},"branchMap":{},"s":{"0":3,"1":1},"f":{"0":3,"1":1},"b":{},"_coverageSchema":"43e27e138ebf9cfc5966b082cf9a028302ed4184","hash":"a69582c81be209a61caa9ceb7adec70f7b40bf32"}
,"/private/var/gradacad/Documents/GitHub/SNACSpjratjon/src/Components/Slider.jsx": {"path":"/private/var/gradacad/Documents/GitHub/SNACSpjratjon/src/Components/Slider.jsx","statementMap":{"0":{"start":{"line":4,"column":22},"end":{"line":30,"column":1}},"1":{"start":{"line":5,"column":2},"end":{"line":29,"column":4}},"2":{"start":{"line":22,"column":10},"end":{"line":22,"column":38}}},"fnMap":{"0":{"name":"(anonymous_0)","decl":{"start":{"line":4,"column":22},"end":{"line":4,"column":23}},"loc":{"start":{"line":4,"column":31},"end":{"line":30,"column":1}},"line":4},"1":{"name":"(anonymous_1)","decl":{"start":{"line":21,"column":18},"end":{"line":21,"column":19}},"loc":{"start":{"line":21,"column":23},"end":{"line":23,"column":9}},"line":21}},"branchMap":{},"s":{"0":3,"1":12,"2":0},"f":{"0":12,"1":0},"b":{},"_coverageSchema":"43e27e138ebf9cfc5966b082cf9a028302ed4184","hash":"f348efc082fd25d3641d7ee16b913cc82b9c7319"}
,"/private/var/gradacad/Documents/GitHub/SNACSpjratjon/src/Components/SnackList.js": {"path":"/private/var/gradacad/Documents/GitHub/SNACSpjratjon/src/Components/SnackList.js","statementMap":{"0":{"start":{"line":5,"column":25},"end":{"line":25,"column":1}},"1":{"start":{"line":6,"column":2},"end":{"line":24,"column":4}},"2":{"start":{"line":13,"column":10},"end":{"line":20,"column":12}}},"fnMap":{"0":{"name":"(anonymous_0)","decl":{"start":{"line":5,"column":25},"end":{"line":5,"column":26}},"loc":{"start":{"line":5,"column":34},"end":{"line":25,"column":1}},"line":5},"1":{"name":"(anonymous_1)","decl":{"start":{"line":12,"column":26},"end":{"line":12,"column":27}},"loc":{"start":{"line":13,"column":10},"end":{"line":20,"column":12}},"line":13}},"branchMap":{},"s":{"0":2,"1":4,"2":40},"f":{"0":4,"1":40},"b":{},"_coverageSchema":"43e27e138ebf9cfc5966b082cf9a028302ed4184","hash":"02e119c707bc5fc739156d724deade59084b43fe"}
,"/private/var/gradacad/Documents/GitHub/SNACSpjratjon/src/Components/SnackTile.js": {"path":"/private/var/gradacad/Documents/GitHub/SNACSpjratjon/src/Components/SnackTile.js","statementMap":{"0":{"start":{"line":6,"column":37},"end":{"line":6,"column":52}},"1":{"start":{"line":7,"column":2},"end":{"line":71,"column":4}},"2":{"start":{"line":35,"column":35},"end":{"line":35,"column":60}}},"fnMap":{"0":{"name":"SnackTile","decl":{"start":{"line":5,"column":9},"end":{"line":5,"column":18}},"loc":{"start":{"line":5,"column":26},"end":{"line":72,"column":1}},"line":5},"1":{"name":"(anonymous_1)","decl":{"start":{"line":35,"column":29},"end":{"line":35,"column":30}},"loc":{"start":{"line":35,"column":35},"end":{"line":35,"column":60}},"line":35}},"branchMap":{"0":{"loc":{"start":{"line":42,"column":21},"end":{"line":42,"column":61}},"type":"cond-expr","locations":[{"start":{"line":42,"column":36},"end":{"line":42,"column":47}},{"start":{"line":42,"column":50},"end":{"line":42,"column":61}}],"line":42}},"s":{"0":42,"1":42,"2":1},"f":{"0":42,"1":1},"b":{"0":[1,41]},"_coverageSchema":"43e27e138ebf9cfc5966b082cf9a028302ed4184","hash":"e557bc6c74929ee7b900a02f03bd3141c3ba8daa"}
}
