TN:
SF:/private/var/gradacad/Documents/GitHub/SNACSpjratjon/src/Components/Checkbox.jsx
FN:3,(anonymous_0)
FN:14,(anonymous_1)
FNF:2
FNH:2
FNDA:6,(anonymous_0)
FNDA:1,(anonymous_1)
DA:3,2
DA:4,6
DA:15,1
LF:3
LH:3
BRF:0
BRH:0
end_of_record
TN:
SF:/private/var/gradacad/Documents/GitHub/SNACSpjratjon/src/Components/FeelingLucky.jsx
FN:5,FeelingLucky
FN:9,(anonymous_1)
FNF:2
FNH:1
FNDA:1,FeelingLucky
FNDA:0,(anonymous_1)
DA:6,1
DA:9,0
LF:2
LH:1
BRF:0
BRH:0
end_of_record
TN:
SF:/private/var/gradacad/Documents/GitHub/SNACSpjratjon/src/Components/Header.jsx
FN:4,(anonymous_0)
FNF:1
FNH:1
FNDA:1,(anonymous_0)
DA:4,1
DA:5,1
LF:2
LH:2
BRF:0
BRH:0
end_of_record
