TN:
SF:/private/var/gradacad/Documents/GitHub/SNACSpjratjon/src/Components/Checkbox.jsx
FN:3,(anonymous_0)
FN:14,(anonymous_1)
FNF:2
FNH:2
FNDA:18,(anonymous_0)
FNDA:1,(anonymous_1)
DA:3,3
DA:4,18
DA:15,1
LF:3
LH:3
BRF:0
BRH:0
end_of_record
TN:
SF:/private/var/gradacad/Documents/GitHub/SNACSpjratjon/src/Components/Control.jsx
FN:6,Control
FNF:1
FNH:1
FNDA:4,Control
DA:7,4
LF:1
LH:1
BRF:0
BRH:0
end_of_record
TN:
SF:/private/var/gradacad/Documents/GitHub/SNACSpjratjon/src/Components/FeelingLucky.jsx
FN:5,FeelingLucky
FN:10,(anonymous_1)
FNF:2
FNH:2
FNDA:3,FeelingLucky
FNDA:1,(anonymous_1)
DA:6,3
DA:10,1
LF:2
LH:2
BRF:0
BRH:0
end_of_record
TN:
SF:/private/var/gradacad/Documents/GitHub/SNACSpjratjon/src/Components/Slider.jsx
FN:4,(anonymous_0)
FN:21,(anonymous_1)
FNF:2
FNH:1
FNDA:12,(anonymous_0)
FNDA:0,(anonymous_1)
DA:4,3
DA:5,12
DA:22,0
LF:3
LH:2
BRF:0
BRH:0
end_of_record
TN:
SF:/private/var/gradacad/Documents/GitHub/SNACSpjratjon/src/Components/SnackList.js
FN:5,(anonymous_0)
FN:12,(anonymous_1)
FNF:2
FNH:2
FNDA:4,(anonymous_0)
FNDA:40,(anonymous_1)
DA:5,2
DA:6,4
DA:13,40
LF:3
LH:3
BRF:0
BRH:0
end_of_record
TN:
SF:/private/var/gradacad/Documents/GitHub/SNACSpjratjon/src/Components/SnackTile.js
FN:5,SnackTile
FN:35,(anonymous_1)
FNF:2
FNH:2
FNDA:42,SnackTile
FNDA:1,(anonymous_1)
DA:6,42
DA:7,42
DA:35,1
LF:3
LH:3
BRDA:42,0,0,1
BRDA:42,0,1,41
BRF:2
BRH:2
end_of_record
